build/app/intermediates/manifest_merge_blame_file/release/manifest-merger-blame-release-report.txt
1<?xml version="1.0" encoding="utf-8"?>
2<manifest xmlns:android="http://schemas.android.com/apk/res/android"
3    package="com.restobuy.restaurant"
4    android:versionCode="1"
5    android:versionName="1.0.0" >
6
7    <uses-sdk
8        android:minSdkVersion="21"
8-->src/main/AndroidManifest.xml
9        android:targetSdkVersion="30" />
9-->src/main/AndroidManifest.xml
10
11    <uses-permission android:name="android.permission.INTERNET" />
11-->[:firebase_messaging] AndroidManifest.xml:7:5-67
11-->[:firebase_messaging] AndroidManifest.xml:7:22-64
12    <uses-permission android:name="android.permission.WAKE_LOCK" />
12-->[:firebase_messaging] AndroidManifest.xml:8:5-68
12-->[:firebase_messaging] AndroidManifest.xml:8:22-65
13    <uses-permission android:name="android.permission.ACCESS_NETWORK_STATE" />
13-->[:firebase_messaging] AndroidManifest.xml:9:5-79
13-->[:firebase_messaging] AndroidManifest.xml:9:22-76
14    <uses-permission android:name="android.permission.RECEIVE_BOOT_COMPLETED" />
14-->[:flutter_local_notifications] AndroidManifest.xml:7:5-81
14-->[:flutter_local_notifications] AndroidManifest.xml:7:22-78
15    <uses-permission android:name="android.permission.VIBRATE" />
15-->[:flutter_local_notifications] AndroidManifest.xml:8:5-66
15-->[:flutter_local_notifications] AndroidManifest.xml:8:22-63
16    <uses-permission android:name="android.permission.USE_FULL_SCREEN_INTENT" />
16-->[:flutter_local_notifications] AndroidManifest.xml:9:5-81
16-->[:flutter_local_notifications] AndroidManifest.xml:9:22-78
17    <uses-permission android:name="android.permission.SCHEDULE_EXACT_ALARM" />
17-->[:flutter_local_notifications] AndroidManifest.xml:10:5-79
17-->[:flutter_local_notifications] AndroidManifest.xml:10:22-76
18
19    <queries>
19-->[:flutter_inappwebview] AndroidManifest.xml:7:5-11:15
20        <intent>
20-->[:flutter_inappwebview] AndroidManifest.xml:8:9-10:18
21            <action android:name="android.support.customtabs.action.CustomTabsService" />
21-->[:flutter_inappwebview] AndroidManifest.xml:9:13-90
21-->[:flutter_inappwebview] AndroidManifest.xml:9:21-87
22        </intent>
23    </queries> <!-- Required by older versions of Google Play services to create IID tokens -->
24    <uses-permission android:name="com.google.android.c2dm.permission.RECEIVE" />
24-->[com.google.firebase:firebase-messaging:23.0.0] AndroidManifest.xml:25:5-82
24-->[com.google.firebase:firebase-messaging:23.0.0] AndroidManifest.xml:25:22-79
25    <uses-permission android:name="com.google.android.finsky.permission.BIND_GET_INSTALL_REFERRER_SERVICE" /> <!-- Include required permissions for Advertising Id -->
25-->[com.google.android.gms:play-services-measurement:20.0.2] AndroidManifest.xml:26:5-110
25-->[com.google.android.gms:play-services-measurement:20.0.2] AndroidManifest.xml:26:22-107
26    <uses-permission android:name="com.google.android.gms.permission.AD_ID" />
26-->[com.google.android.gms:play-services-ads-identifier:18.0.0] AndroidManifest.xml:23:5-79
26-->[com.google.android.gms:play-services-ads-identifier:18.0.0] AndroidManifest.xml:23:22-76
27
28    <application
28-->src/main/AndroidManifest.xml:3:4-44:19
29        android:allowBackup="true"
29-->src/main/AndroidManifest.xml:6:9-35
30        android:appComponentFactory="androidx.core.app.CoreComponentFactory"
30-->[androidx.core:core:1.6.0] AndroidManifest.xml:24:18-86
31        android:fullBackupContent="true"
31-->src/main/AndroidManifest.xml:7:8-40
32        android:icon="@mipmap/ic_launcher"
32-->src/main/AndroidManifest.xml:5:9-43
33        android:label="Restobuy Restaurant" >
33-->src/main/AndroidManifest.xml:4:9-44
34        <activity
34-->src/main/AndroidManifest.xml:9:9-38:20
35            android:name="com.restobuy.restaurant.MainActivity"
35-->src/main/AndroidManifest.xml:10:13-41
36            android:configChanges="orientation|keyboardHidden|keyboard|screenSize|smallestScreenSize|locale|layoutDirection|fontScale|screenLayout|density|uiMode"
36-->src/main/AndroidManifest.xml:13:13-163
37            android:exported="true"
37-->src/main/AndroidManifest.xml:16:13-36
38            android:hardwareAccelerated="true"
38-->src/main/AndroidManifest.xml:14:13-47
39            android:launchMode="singleTop"
39-->src/main/AndroidManifest.xml:11:13-43
40            android:theme="@style/LaunchTheme"
40-->src/main/AndroidManifest.xml:12:13-47
41            android:windowSoftInputMode="adjustResize" >
41-->src/main/AndroidManifest.xml:15:13-55
42
43            <!--
44                 Specifies an Android theme to apply to this Activity as soon as
45                 the Android process has started. This theme is visible to the user
46                 while the Flutter UI initializes. After that, this theme continues
47                 to determine the Window background behind the Flutter UI.
48            -->
49            <meta-data
49-->src/main/AndroidManifest.xml:21:13-24:17
50                android:name="io.flutter.embedding.android.NormalTheme"
50-->src/main/AndroidManifest.xml:22:15-70
51                android:resource="@style/NormalTheme" />
51-->src/main/AndroidManifest.xml:23:15-52
52            <!--
53                 Displays an Android View that continues showing the launch screen
54                 Drawable until Flutter paints its first frame, then this splash
55                 screen fades out. A splash screen is useful to avoid any visual
56                 gap between the end of Android's launch screen and the painting of
57                 Flutter's first frame.
58            -->
59            <meta-data
59-->src/main/AndroidManifest.xml:30:13-33:17
60                android:name="io.flutter.embedding.android.SplashScreenDrawable"
60-->src/main/AndroidManifest.xml:31:15-79
61                android:resource="@drawable/launch_background" />
61-->src/main/AndroidManifest.xml:32:15-61
62
63            <intent-filter>
63-->src/main/AndroidManifest.xml:34:13-37:29
64                <action android:name="android.intent.action.MAIN" />
64-->src/main/AndroidManifest.xml:35:17-68
64-->src/main/AndroidManifest.xml:35:25-66
65
66                <category android:name="android.intent.category.LAUNCHER" />
66-->src/main/AndroidManifest.xml:36:17-76
66-->src/main/AndroidManifest.xml:36:27-74
67            </intent-filter>
68        </activity>
69        <!--
70             Don't delete the meta-data below.
71             This is used by the Flutter tool to generate GeneratedPluginRegistrant.java
72        -->
73        <meta-data
73-->src/main/AndroidManifest.xml:41:9-43:33
74            android:name="flutterEmbedding"
74-->src/main/AndroidManifest.xml:42:13-44
75            android:value="2" />
75-->src/main/AndroidManifest.xml:43:13-30
76
77        <service
77-->[:firebase_messaging] AndroidManifest.xml:12:9-15:72
78            android:name="io.flutter.plugins.firebase.messaging.FlutterFirebaseMessagingBackgroundService"
78-->[:firebase_messaging] AndroidManifest.xml:13:13-107
79            android:exported="false"
79-->[:firebase_messaging] AndroidManifest.xml:14:13-37
80            android:permission="android.permission.BIND_JOB_SERVICE" />
80-->[:firebase_messaging] AndroidManifest.xml:15:13-69
81        <service
81-->[:firebase_messaging] AndroidManifest.xml:16:9-22:19
82            android:name="io.flutter.plugins.firebase.messaging.FlutterFirebaseMessagingService"
82-->[:firebase_messaging] AndroidManifest.xml:17:13-97
83            android:exported="false" >
83-->[:firebase_messaging] AndroidManifest.xml:18:13-37
84            <intent-filter>
84-->[:firebase_messaging] AndroidManifest.xml:19:13-21:29
85                <action android:name="com.google.firebase.MESSAGING_EVENT" />
85-->[:firebase_messaging] AndroidManifest.xml:20:17-78
85-->[:firebase_messaging] AndroidManifest.xml:20:25-75
86            </intent-filter>
87        </service>
88
89        <receiver
89-->[:firebase_messaging] AndroidManifest.xml:24:9-31:20
90            android:name="io.flutter.plugins.firebase.messaging.FlutterFirebaseMessagingReceiver"
90-->[:firebase_messaging] AndroidManifest.xml:25:13-98
91            android:exported="true"
91-->[:firebase_messaging] AndroidManifest.xml:26:13-36
92            android:permission="com.google.android.c2dm.permission.SEND" >
92-->[:firebase_messaging] AndroidManifest.xml:27:13-73
93            <intent-filter>
93-->[:firebase_messaging] AndroidManifest.xml:28:13-30:29
94                <action android:name="com.google.android.c2dm.intent.RECEIVE" />
94-->[:firebase_messaging] AndroidManifest.xml:29:17-81
94-->[:firebase_messaging] AndroidManifest.xml:29:25-78
95            </intent-filter>
96        </receiver>
97
98        <service
98-->[:firebase_messaging] AndroidManifest.xml:33:9-37:19
99            android:name="com.google.firebase.components.ComponentDiscoveryService"
99-->[:firebase_messaging] AndroidManifest.xml:33:18-89
100            android:directBootAware="true"
100-->[com.google.firebase:firebase-common:20.0.0] AndroidManifest.xml:35:13-43
101            android:exported="false" >
101-->[com.google.firebase:firebase-messaging:23.0.0] AndroidManifest.xml:51:13-37
102            <meta-data
102-->[:firebase_messaging] AndroidManifest.xml:34:13-36:85
103                android:name="com.google.firebase.components:io.flutter.plugins.firebase.messaging.FlutterFirebaseAppRegistrar"
103-->[:firebase_messaging] AndroidManifest.xml:35:17-128
104                android:value="com.google.firebase.components.ComponentRegistrar" />
104-->[:firebase_messaging] AndroidManifest.xml:36:17-82
105            <meta-data
105-->[:firebase_core] AndroidManifest.xml:9:13-11:85
106                android:name="com.google.firebase.components:io.flutter.plugins.firebase.core.FlutterFirebaseCoreRegistrar"
106-->[:firebase_core] AndroidManifest.xml:10:17-124
107                android:value="com.google.firebase.components.ComponentRegistrar" />
107-->[:firebase_core] AndroidManifest.xml:11:17-82
108            <meta-data
108-->[com.google.firebase:firebase-messaging:23.0.0] AndroidManifest.xml:52:13-54:85
109                android:name="com.google.firebase.components:com.google.firebase.messaging.FirebaseMessagingRegistrar"
109-->[com.google.firebase:firebase-messaging:23.0.0] AndroidManifest.xml:53:17-119
110                android:value="com.google.firebase.components.ComponentRegistrar" />
110-->[com.google.firebase:firebase-messaging:23.0.0] AndroidManifest.xml:54:17-82
111            <meta-data
111-->[com.google.android.gms:play-services-measurement-api:20.0.2] AndroidManifest.xml:30:13-32:85
112                android:name="com.google.firebase.components:com.google.firebase.analytics.connector.internal.AnalyticsConnectorRegistrar"
112-->[com.google.android.gms:play-services-measurement-api:20.0.2] AndroidManifest.xml:31:17-139
113                android:value="com.google.firebase.components.ComponentRegistrar" />
113-->[com.google.android.gms:play-services-measurement-api:20.0.2] AndroidManifest.xml:32:17-82
114            <meta-data
114-->[com.google.firebase:firebase-datatransport:18.0.0] AndroidManifest.xml:28:13-30:85
115                android:name="com.google.firebase.components:com.google.firebase.datatransport.TransportRegistrar"
115-->[com.google.firebase:firebase-datatransport:18.0.0] AndroidManifest.xml:29:17-115
116                android:value="com.google.firebase.components.ComponentRegistrar" />
116-->[com.google.firebase:firebase-datatransport:18.0.0] AndroidManifest.xml:30:17-82
117            <meta-data
117-->[com.google.firebase:firebase-installations:17.0.0] AndroidManifest.xml:18:13-20:85
118                android:name="com.google.firebase.components:com.google.firebase.installations.FirebaseInstallationsRegistrar"
118-->[com.google.firebase:firebase-installations:17.0.0] AndroidManifest.xml:19:17-127
119                android:value="com.google.firebase.components.ComponentRegistrar" />
119-->[com.google.firebase:firebase-installations:17.0.0] AndroidManifest.xml:20:17-82
120        </service>
121
122        <provider
122-->[:firebase_messaging] AndroidManifest.xml:39:9-43:38
123            android:name="io.flutter.plugins.firebase.messaging.FlutterFirebaseMessagingInitProvider"
123-->[:firebase_messaging] AndroidManifest.xml:40:13-102
124            android:authorities="com.restobuy.restaurant.flutterfirebasemessaginginitprovider"
124-->[:firebase_messaging] AndroidManifest.xml:41:13-88
125            android:exported="false"
125-->[:firebase_messaging] AndroidManifest.xml:42:13-37
126            android:initOrder="99" />
126-->[:firebase_messaging] AndroidManifest.xml:43:13-35
127        <provider
127-->[:image_picker] AndroidManifest.xml:8:9-16:20
128            android:name="io.flutter.plugins.imagepicker.ImagePickerFileProvider"
128-->[:image_picker] AndroidManifest.xml:9:13-82
129            android:authorities="com.restobuy.restaurant.flutter.image_provider"
129-->[:image_picker] AndroidManifest.xml:10:13-74
130            android:exported="false"
130-->[:image_picker] AndroidManifest.xml:11:13-37
131            android:grantUriPermissions="true" >
131-->[:image_picker] AndroidManifest.xml:12:13-47
132            <meta-data
132-->[:image_picker] AndroidManifest.xml:13:13-15:75
133                android:name="android.support.FILE_PROVIDER_PATHS"
133-->[:image_picker] AndroidManifest.xml:14:17-67
134                android:resource="@xml/flutter_image_picker_file_paths" />
134-->[:image_picker] AndroidManifest.xml:15:17-72
135        </provider>
136
137        <receiver
137-->[:flutter_local_notifications] AndroidManifest.xml:13:9-15:40
138            android:name="com.dexterous.flutterlocalnotifications.ScheduledNotificationReceiver"
138-->[:flutter_local_notifications] AndroidManifest.xml:14:13-97
139            android:exported="false" />
139-->[:flutter_local_notifications] AndroidManifest.xml:15:13-37
140        <receiver
140-->[:flutter_local_notifications] AndroidManifest.xml:16:9-25:20
141            android:name="com.dexterous.flutterlocalnotifications.ScheduledNotificationBootReceiver"
141-->[:flutter_local_notifications] AndroidManifest.xml:17:13-101
142            android:exported="false" >
142-->[:flutter_local_notifications] AndroidManifest.xml:18:13-37
143            <intent-filter>
143-->[:flutter_local_notifications] AndroidManifest.xml:19:13-24:29
144                <action android:name="android.intent.action.BOOT_COMPLETED" />
144-->[:flutter_local_notifications] AndroidManifest.xml:20:17-79
144-->[:flutter_local_notifications] AndroidManifest.xml:20:25-76
145                <action android:name="android.intent.action.MY_PACKAGE_REPLACED" />
145-->[:flutter_local_notifications] AndroidManifest.xml:21:17-84
145-->[:flutter_local_notifications] AndroidManifest.xml:21:25-81
146                <action android:name="android.intent.action.QUICKBOOT_POWERON" />
146-->[:flutter_local_notifications] AndroidManifest.xml:22:17-82
146-->[:flutter_local_notifications] AndroidManifest.xml:22:25-79
147                <action android:name="com.htc.intent.action.QUICKBOOT_POWERON" />
147-->[:flutter_local_notifications] AndroidManifest.xml:23:17-82
147-->[:flutter_local_notifications] AndroidManifest.xml:23:25-79
148            </intent-filter>
149        </receiver>
150
151        <activity
151-->[:flutter_inappwebview] AndroidManifest.xml:14:9-17:47
152            android:name="com.pichillilorenzo.flutter_inappwebview.in_app_browser.InAppBrowserActivity"
152-->[:flutter_inappwebview] AndroidManifest.xml:15:13-104
153            android:configChanges="orientation|keyboardHidden|keyboard|screenSize|locale|layoutDirection|fontScale|screenLayout|density"
153-->[:flutter_inappwebview] AndroidManifest.xml:16:13-137
154            android:theme="@style/AppTheme" />
154-->[:flutter_inappwebview] AndroidManifest.xml:17:13-44
155        <activity
155-->[:flutter_inappwebview] AndroidManifest.xml:18:9-20:55
156            android:name="com.pichillilorenzo.flutter_inappwebview.chrome_custom_tabs.ChromeCustomTabsActivity"
156-->[:flutter_inappwebview] AndroidManifest.xml:19:13-112
157            android:theme="@style/ThemeTransparent" />
157-->[:flutter_inappwebview] AndroidManifest.xml:20:13-52
158
159        <receiver android:name="com.pichillilorenzo.flutter_inappwebview.chrome_custom_tabs.ActionBroadcastReceiver" />
159-->[:flutter_inappwebview] AndroidManifest.xml:22:9-120
159-->[:flutter_inappwebview] AndroidManifest.xml:22:19-117
160
161        <meta-data
161-->[:flutter_inappwebview] AndroidManifest.xml:24:9-26:36
162            android:name="io.flutter.embedded_views_preview"
162-->[:flutter_inappwebview] AndroidManifest.xml:25:13-61
163            android:value="true" />
163-->[:flutter_inappwebview] AndroidManifest.xml:26:13-33
164
165        <receiver
165-->[com.google.firebase:firebase-messaging:23.0.0] AndroidManifest.xml:28:9-35:20
166            android:name="com.google.firebase.iid.FirebaseInstanceIdReceiver"
166-->[com.google.firebase:firebase-messaging:23.0.0] AndroidManifest.xml:29:13-78
167            android:exported="true"
167-->[com.google.firebase:firebase-messaging:23.0.0] AndroidManifest.xml:30:13-36
168            android:permission="com.google.android.c2dm.permission.SEND" >
168-->[com.google.firebase:firebase-messaging:23.0.0] AndroidManifest.xml:31:13-73
169            <intent-filter>
169-->[:firebase_messaging] AndroidManifest.xml:28:13-30:29
170                <action android:name="com.google.android.c2dm.intent.RECEIVE" />
170-->[:firebase_messaging] AndroidManifest.xml:29:17-81
170-->[:firebase_messaging] AndroidManifest.xml:29:25-78
171            </intent-filter>
172        </receiver>
173        <!--
174             FirebaseMessagingService performs security checks at runtime,
175             but set to not exported to explicitly avoid allowing another app to call it.
176        -->
177        <service
177-->[com.google.firebase:firebase-messaging:23.0.0] AndroidManifest.xml:41:9-48:19
178            android:name="com.google.firebase.messaging.FirebaseMessagingService"
178-->[com.google.firebase:firebase-messaging:23.0.0] AndroidManifest.xml:42:13-82
179            android:directBootAware="true"
179-->[com.google.firebase:firebase-messaging:23.0.0] AndroidManifest.xml:43:13-43
180            android:exported="false" >
180-->[com.google.firebase:firebase-messaging:23.0.0] AndroidManifest.xml:44:13-37
181            <intent-filter android:priority="-500" >
181-->[:firebase_messaging] AndroidManifest.xml:19:13-21:29
182                <action android:name="com.google.firebase.MESSAGING_EVENT" />
182-->[:firebase_messaging] AndroidManifest.xml:20:17-78
182-->[:firebase_messaging] AndroidManifest.xml:20:25-75
183            </intent-filter>
184        </service>
185
186        <provider
186-->[com.google.firebase:firebase-common:20.0.0] AndroidManifest.xml:26:9-31:39
187            android:name="com.google.firebase.provider.FirebaseInitProvider"
187-->[com.google.firebase:firebase-common:20.0.0] AndroidManifest.xml:27:13-77
188            android:authorities="com.restobuy.restaurant.firebaseinitprovider"
188-->[com.google.firebase:firebase-common:20.0.0] AndroidManifest.xml:28:13-72
189            android:directBootAware="true"
189-->[com.google.firebase:firebase-common:20.0.0] AndroidManifest.xml:29:13-43
190            android:exported="false"
190-->[com.google.firebase:firebase-common:20.0.0] AndroidManifest.xml:30:13-37
191            android:initOrder="100" />
191-->[com.google.firebase:firebase-common:20.0.0] AndroidManifest.xml:31:13-36
192
193        <receiver
193-->[com.google.android.gms:play-services-measurement:20.0.2] AndroidManifest.xml:29:9-33:20
194            android:name="com.google.android.gms.measurement.AppMeasurementReceiver"
194-->[com.google.android.gms:play-services-measurement:20.0.2] AndroidManifest.xml:30:13-85
195            android:enabled="true"
195-->[com.google.android.gms:play-services-measurement:20.0.2] AndroidManifest.xml:31:13-35
196            android:exported="false" >
196-->[com.google.android.gms:play-services-measurement:20.0.2] AndroidManifest.xml:32:13-37
197        </receiver>
198
199        <service
199-->[com.google.android.gms:play-services-measurement:20.0.2] AndroidManifest.xml:35:9-38:40
200            android:name="com.google.android.gms.measurement.AppMeasurementService"
200-->[com.google.android.gms:play-services-measurement:20.0.2] AndroidManifest.xml:36:13-84
201            android:enabled="true"
201-->[com.google.android.gms:play-services-measurement:20.0.2] AndroidManifest.xml:37:13-35
202            android:exported="false" />
202-->[com.google.android.gms:play-services-measurement:20.0.2] AndroidManifest.xml:38:13-37
203        <service
203-->[com.google.android.gms:play-services-measurement:20.0.2] AndroidManifest.xml:39:9-43:72
204            android:name="com.google.android.gms.measurement.AppMeasurementJobService"
204-->[com.google.android.gms:play-services-measurement:20.0.2] AndroidManifest.xml:40:13-87
205            android:enabled="true"
205-->[com.google.android.gms:play-services-measurement:20.0.2] AndroidManifest.xml:41:13-35
206            android:exported="false"
206-->[com.google.android.gms:play-services-measurement:20.0.2] AndroidManifest.xml:42:13-37
207            android:permission="android.permission.BIND_JOB_SERVICE" />
207-->[com.google.android.gms:play-services-measurement:20.0.2] AndroidManifest.xml:43:13-69
208
209        <meta-data
209-->[com.google.android.gms:play-services-basement:18.0.0] AndroidManifest.xml:21:9-23:69
210            android:name="com.google.android.gms.version"
210-->[com.google.android.gms:play-services-basement:18.0.0] AndroidManifest.xml:22:13-58
211            android:value="@integer/google_play_services_version" />
211-->[com.google.android.gms:play-services-basement:18.0.0] AndroidManifest.xml:23:13-66
212
213        <service
213-->[com.google.android.datatransport:transport-backend-cct:3.0.0] AndroidManifest.xml:29:9-35:19
214            android:name="com.google.android.datatransport.runtime.backends.TransportBackendDiscovery"
214-->[com.google.android.datatransport:transport-backend-cct:3.0.0] AndroidManifest.xml:30:13-103
215            android:exported="false" >
215-->[com.google.android.datatransport:transport-backend-cct:3.0.0] AndroidManifest.xml:31:13-37
216            <meta-data
216-->[com.google.android.datatransport:transport-backend-cct:3.0.0] AndroidManifest.xml:32:13-34:39
217                android:name="backend:com.google.android.datatransport.cct.CctBackendFactory"
217-->[com.google.android.datatransport:transport-backend-cct:3.0.0] AndroidManifest.xml:33:17-94
218                android:value="cct" />
218-->[com.google.android.datatransport:transport-backend-cct:3.0.0] AndroidManifest.xml:34:17-36
219        </service>
220        <service
220-->[com.google.android.datatransport:transport-runtime:3.0.0] AndroidManifest.xml:26:9-30:19
221            android:name="com.google.android.datatransport.runtime.scheduling.jobscheduling.JobInfoSchedulerService"
221-->[com.google.android.datatransport:transport-runtime:3.0.0] AndroidManifest.xml:27:13-117
222            android:exported="false"
222-->[com.google.android.datatransport:transport-runtime:3.0.0] AndroidManifest.xml:28:13-37
223            android:permission="android.permission.BIND_JOB_SERVICE" >
223-->[com.google.android.datatransport:transport-runtime:3.0.0] AndroidManifest.xml:29:13-69
224        </service>
225
226        <receiver
226-->[com.google.android.datatransport:transport-runtime:3.0.0] AndroidManifest.xml:32:9-34:40
227            android:name="com.google.android.datatransport.runtime.scheduling.jobscheduling.AlarmManagerSchedulerBroadcastReceiver"
227-->[com.google.android.datatransport:transport-runtime:3.0.0] AndroidManifest.xml:33:13-132
228            android:exported="false" />
228-->[com.google.android.datatransport:transport-runtime:3.0.0] AndroidManifest.xml:34:13-37
229    </application>
230
231</manifest>